<?xml version="1.0" encoding="UTF-8"?>
<testng-results ignored="0" total="1" passed="1" failed="0" skipped="0">
  <reporter-output>
  </reporter-output>
  <suite started-at="2021-11-09T13:07:36 PST" name="Default suite" finished-at="2021-11-09T13:07:55 PST" duration-ms="19372">
    <groups>
    </groups>
    <test started-at="2021-11-09T13:07:36 PST" name="Default test" finished-at="2021-11-09T13:07:55 PST" duration-ms="19372">
      <class name="KDF.ApplicationClass">
        <test-method signature="verifyInvalidLogin()[pri:0, instance:KDF.ApplicationClass@957e06]" started-at="2021-11-09T13:07:36 PST" name="verifyInvalidLogin" finished-at="2021-11-09T13:07:55 PST" duration-ms="19315" status="PASS">
          <reporter-output>
          </reporter-output>
        </test-method> <!-- verifyInvalidLogin -->
      </class> <!-- KDF.ApplicationClass -->
    </test> <!-- Default test -->
  </suite> <!-- Default suite -->
</testng-results>
